0 info it worked if it ends with ok
1 verbose cli [ '/Users/Mr-WC/.nvm/versions/node/v4.3.2/bin/node',
1 verbose cli   '/Users/Mr-WC/.nvm/versions/node/v4.3.2/bin/npm',
1 verbose cli   'start' ]
2 info using npm@2.14.12
3 info using node@v4.3.2
4 verbose stack Error: Invalid version: "0.1"
4 verbose stack     at Object.module.exports.fixVersionField (/Users/Mr-WC/.nvm/versions/node/v4.3.2/lib/node_modules/npm/node_modules/normalize-package-data/lib/fixer.js:191:13)
4 verbose stack     at /Users/Mr-WC/.nvm/versions/node/v4.3.2/lib/node_modules/npm/node_modules/normalize-package-data/lib/normalize.js:32:38
4 verbose stack     at Array.forEach (native)
4 verbose stack     at normalize (/Users/Mr-WC/.nvm/versions/node/v4.3.2/lib/node_modules/npm/node_modules/normalize-package-data/lib/normalize.js:31:15)
4 verbose stack     at final (/Users/Mr-WC/.nvm/versions/node/v4.3.2/lib/node_modules/npm/node_modules/read-package-json/read-json.js:338:5)
4 verbose stack     at then (/Users/Mr-WC/.nvm/versions/node/v4.3.2/lib/node_modules/npm/node_modules/read-package-json/read-json.js:113:5)
4 verbose stack     at /Users/Mr-WC/.nvm/versions/node/v4.3.2/lib/node_modules/npm/node_modules/read-package-json/read-json.js:300:12
4 verbose stack     at /Users/Mr-WC/.nvm/versions/node/v4.3.2/lib/node_modules/npm/node_modules/graceful-fs/graceful-fs.js:76:16
4 verbose stack     at FSReqWrap.readFileAfterClose [as oncomplete] (fs.js:380:3)
5 verbose cwd /Users/Mr-WC/gogslab/WMS
6 error Darwin 15.4.0
7 error argv "/Users/Mr-WC/.nvm/versions/node/v4.3.2/bin/node" "/Users/Mr-WC/.nvm/versions/node/v4.3.2/bin/npm" "start"
8 error node v4.3.2
9 error npm  v2.14.12
10 error Invalid version: "0.1"
11 error If you need help, you may report this error at:
11 error     <https://github.com/npm/npm/issues>
12 verbose exit [ 1, true ]
